<?xml version="1.0" encoding="UTF-8"?>
<!-- Generated by org.testng.reporters.JUnitReportReporter -->
<testsuite hostname="FFE-PraveenM-FFE171" failures="0" tests="1" name="APIDemos.AD_003" time="7.442" errors="0" timestamp="2024-12-16T21:52:42 IST" skipped="0">
  <testcase classname="APIDemos.AD_003" name="TC3" time="7.442"/>
</testsuite> <!-- APIDemos.AD_003 -->
