<?xml version="1.0" encoding="UTF-8"?>
<!-- Generated by org.testng.reporters.JUnitReportReporter -->
<testsuite hostname="FFE-PraveenM-FFE171" failures="0" tests="1" name="GeneralStore.fillForm" time="22.051" errors="0" timestamp="2024-11-24T07:36:28 IST" skipped="0">
  <testcase classname="GeneralStore.fillForm" name="fillForm1" time="22.051"/>
</testsuite> <!-- GeneralStore.fillForm -->
