<?xml version="1.0" encoding="UTF-8"?>
<!-- Generated by org.testng.reporters.JUnitReportReporter -->
<testsuite hostname="FFE-PraveenM-FFE171" failures="0" tests="1" name="GeneralStore.eCommerce_TC2_ToastMessage" time="36.249" errors="0" timestamp="2024-11-27T14:51:41 IST" skipped="0">
  <testcase classname="GeneralStore.eCommerce_TC2_ToastMessage" name="toastMessage" time="36.249"/>
</testsuite> <!-- GeneralStore.eCommerce_TC2_ToastMessage -->
