<?xml version="1.0" encoding="UTF-8"?>
<!-- Generated by org.testng.reporters.JUnitReportReporter -->
<testsuite hostname="FFE-PraveenM-FFE171" failures="0" tests="1" name="GeneralStore.eCommerce_TC2" time="35.458" errors="0" timestamp="2024-11-24T08:14:21 IST" skipped="0">
  <testcase classname="GeneralStore.eCommerce_TC2" name="toastMessage" time="35.458"/>
</testsuite> <!-- GeneralStore.eCommerce_TC2 -->
