<?xml version="1.0" encoding="UTF-8"?>
<!-- Generated by org.testng.reporters.JUnitReportReporter -->
<testsuite hostname="FFE-PraveenM-FFE171" failures="0" tests="1" name="APIDemos.AD_TC002" time="16.154" errors="0" timestamp="2024-12-17T20:59:44 IST" skipped="0">
  <testcase classname="APIDemos.AD_TC002" name="TC2" time="16.154"/>
</testsuite> <!-- APIDemos.AD_TC002 -->
