<?xml version="1.0" encoding="UTF-8"?>
<!-- Generated by org.testng.reporters.JUnitReportReporter -->
<testsuite hostname="FFE-PraveenM-FFE171" failures="0" tests="1" name="Appium_RahulShetty1.Appium_RahulShetty1.Scroll" time="53.268" errors="0" timestamp="2024-11-22T22:52:58 IST" skipped="0">
  <testcase classname="Appium_RahulShetty1.Appium_RahulShetty1.Scroll" name="scrollYillElement" time="53.268"/>
</testsuite> <!-- Appium_RahulShetty1.Appium_RahulShetty1.Scroll -->
