<?xml version="1.0" encoding="UTF-8"?>
<!-- Generated by org.testng.reporters.JUnitReportReporter -->
<testsuite hostname="FFE-PraveenM-FFE171" failures="0" tests="1" name="GeneralStore.eCommerce_TC1" time="48.284" errors="0" timestamp="2024-11-24T07:56:50 IST" skipped="0">
  <testcase classname="GeneralStore.eCommerce_TC1" name="fillForm1" time="48.284"/>
</testsuite> <!-- GeneralStore.eCommerce_TC1 -->
