<?xml version="1.0" encoding="UTF-8"?>
<!-- Generated by org.testng.reporters.JUnitReportReporter -->
<testsuite hostname="FFE-PraveenM-FFE171" failures="0" tests="1" name="Appium_RahulShetty1.Appium_RahulShetty1.Drag" time="21.317" errors="0" timestamp="2024-11-23T11:07:25 IST" skipped="0">
  <testcase classname="Appium_RahulShetty1.Appium_RahulShetty1.Drag" name="drag" time="21.317"/>
</testsuite> <!-- Appium_RahulShetty1.Appium_RahulShetty1.Drag -->
