<?xml version="1.0" encoding="UTF-8"?>
<!-- Generated by org.testng.reporters.JUnitReportReporter -->
<testsuite hostname="FFE-PraveenM-FFE171" failures="0" tests="1" name="GeneralStore.InVokeChromeBrowser" time="39.866" errors="0" timestamp="2024-11-27T20:36:34 IST" skipped="0">
  <testcase classname="GeneralStore.InVokeChromeBrowser" name="ChromeBrowser" time="39.866"/>
</testsuite> <!-- GeneralStore.InVokeChromeBrowser -->
